0 info it worked if it ends with ok
1 verbose cli [ '/usr/local/bin/node',
1 verbose cli   '/usr/local/bin/npm',
1 verbose cli   'install',
1 verbose cli   'latex',
1 verbose cli   'language-latex',
1 verbose cli   'script',
1 verbose cli   'pdf-view' ]
2 info using npm@2.15.9
3 info using node@v4.6.0
4 verbose install initial load of /Users/AkiraMisawa/sandbox/sicp_in_python/chap1/package.json
5 verbose readDependencies loading dependencies from /Users/AkiraMisawa/sandbox/sicp_in_python/chap1/package.json
6 silly cache add args [ 'latex', null ]
7 verbose cache add spec latex
8 silly cache add args [ 'language-latex', null ]
9 verbose cache add spec language-latex
10 silly cache add args [ 'script', null ]
11 verbose cache add spec script
12 silly cache add args [ 'pdf-view', null ]
13 verbose cache add spec pdf-view
14 silly cache add parsed spec Result {
14 silly cache add   raw: 'latex',
14 silly cache add   scope: null,
14 silly cache add   name: 'latex',
14 silly cache add   rawSpec: '',
14 silly cache add   spec: 'latest',
14 silly cache add   type: 'tag' }
15 silly addNamed latex@latest
16 verbose addNamed "latest" is being treated as a dist-tag for latex
17 info addNameTag [ 'latex', 'latest' ]
18 silly mapToRegistry name latex
19 silly mapToRegistry using default registry
20 silly mapToRegistry registry https://registry.npmjs.org/
21 silly mapToRegistry data Result {
21 silly mapToRegistry   raw: 'latex',
21 silly mapToRegistry   scope: null,
21 silly mapToRegistry   name: 'latex',
21 silly mapToRegistry   rawSpec: '',
21 silly mapToRegistry   spec: 'latest',
21 silly mapToRegistry   type: 'tag' }
22 silly mapToRegistry uri https://registry.npmjs.org/latex
23 verbose addNameTag registry:https://registry.npmjs.org/latex not in flight; fetching
24 silly cache add parsed spec Result {
24 silly cache add   raw: 'language-latex',
24 silly cache add   scope: null,
24 silly cache add   name: 'language-latex',
24 silly cache add   rawSpec: '',
24 silly cache add   spec: 'latest',
24 silly cache add   type: 'tag' }
25 silly addNamed language-latex@latest
26 verbose addNamed "latest" is being treated as a dist-tag for language-latex
27 info addNameTag [ 'language-latex', 'latest' ]
28 silly mapToRegistry name language-latex
29 silly mapToRegistry using default registry
30 silly mapToRegistry registry https://registry.npmjs.org/
31 silly mapToRegistry data Result {
31 silly mapToRegistry   raw: 'language-latex',
31 silly mapToRegistry   scope: null,
31 silly mapToRegistry   name: 'language-latex',
31 silly mapToRegistry   rawSpec: '',
31 silly mapToRegistry   spec: 'latest',
31 silly mapToRegistry   type: 'tag' }
32 silly mapToRegistry uri https://registry.npmjs.org/language-latex
33 verbose addNameTag registry:https://registry.npmjs.org/language-latex not in flight; fetching
34 silly cache add parsed spec Result {
34 silly cache add   raw: 'script',
34 silly cache add   scope: null,
34 silly cache add   name: 'script',
34 silly cache add   rawSpec: '',
34 silly cache add   spec: 'latest',
34 silly cache add   type: 'tag' }
35 silly addNamed script@latest
36 verbose addNamed "latest" is being treated as a dist-tag for script
37 info addNameTag [ 'script', 'latest' ]
38 silly mapToRegistry name script
39 silly mapToRegistry using default registry
40 silly mapToRegistry registry https://registry.npmjs.org/
41 silly mapToRegistry data Result {
41 silly mapToRegistry   raw: 'script',
41 silly mapToRegistry   scope: null,
41 silly mapToRegistry   name: 'script',
41 silly mapToRegistry   rawSpec: '',
41 silly mapToRegistry   spec: 'latest',
41 silly mapToRegistry   type: 'tag' }
42 silly mapToRegistry uri https://registry.npmjs.org/script
43 verbose addNameTag registry:https://registry.npmjs.org/script not in flight; fetching
44 silly cache add parsed spec Result {
44 silly cache add   raw: 'pdf-view',
44 silly cache add   scope: null,
44 silly cache add   name: 'pdf-view',
44 silly cache add   rawSpec: '',
44 silly cache add   spec: 'latest',
44 silly cache add   type: 'tag' }
45 silly addNamed pdf-view@latest
46 verbose addNamed "latest" is being treated as a dist-tag for pdf-view
47 info addNameTag [ 'pdf-view', 'latest' ]
48 silly mapToRegistry name pdf-view
49 silly mapToRegistry using default registry
50 silly mapToRegistry registry https://registry.npmjs.org/
51 silly mapToRegistry data Result {
51 silly mapToRegistry   raw: 'pdf-view',
51 silly mapToRegistry   scope: null,
51 silly mapToRegistry   name: 'pdf-view',
51 silly mapToRegistry   rawSpec: '',
51 silly mapToRegistry   spec: 'latest',
51 silly mapToRegistry   type: 'tag' }
52 silly mapToRegistry uri https://registry.npmjs.org/pdf-view
53 verbose addNameTag registry:https://registry.npmjs.org/pdf-view not in flight; fetching
54 verbose request uri https://registry.npmjs.org/latex
55 verbose request no auth needed
56 info attempt registry request try #1 at 20:10:36
57 verbose request id 9972fd06b2d9791d
58 http request GET https://registry.npmjs.org/latex
59 verbose request uri https://registry.npmjs.org/language-latex
60 verbose request no auth needed
61 info attempt registry request try #1 at 20:10:36
62 http request GET https://registry.npmjs.org/language-latex
63 verbose request uri https://registry.npmjs.org/script
64 verbose request no auth needed
65 info attempt registry request try #1 at 20:10:36
66 http request GET https://registry.npmjs.org/script
67 verbose request uri https://registry.npmjs.org/pdf-view
68 verbose request no auth needed
69 info attempt registry request try #1 at 20:10:36
70 http request GET https://registry.npmjs.org/pdf-view
71 http 200 https://registry.npmjs.org/pdf-view
72 verbose headers { server: 'nginx/1.10.1',
72 verbose headers   'content-type': 'application/json',
72 verbose headers   'last-modified': 'Fri, 23 Oct 2015 09:26:37 GMT',
72 verbose headers   etag: 'W/"5629fd4d-e4b"',
72 verbose headers   'content-encoding': 'gzip',
72 verbose headers   'cache-control': 'max-age=300',
72 verbose headers   'content-length': '1469',
72 verbose headers   'accept-ranges': 'bytes',
72 verbose headers   date: 'Sun, 04 Jun 2017 11:10:37 GMT',
72 verbose headers   via: '1.1 varnish',
72 verbose headers   age: '0',
72 verbose headers   connection: 'keep-alive',
72 verbose headers   'x-served-by': 'cache-nrt6127-NRT',
72 verbose headers   'x-cache': 'MISS',
72 verbose headers   'x-cache-hits': '0',
72 verbose headers   'x-timer': 'S1496574637.975937,VS0,VE139',
72 verbose headers   vary: 'Accept-Encoding' }
73 silly get cb [ 200,
73 silly get   { server: 'nginx/1.10.1',
73 silly get     'content-type': 'application/json',
73 silly get     'last-modified': 'Fri, 23 Oct 2015 09:26:37 GMT',
73 silly get     etag: 'W/"5629fd4d-e4b"',
73 silly get     'content-encoding': 'gzip',
73 silly get     'cache-control': 'max-age=300',
73 silly get     'content-length': '1469',
73 silly get     'accept-ranges': 'bytes',
73 silly get     date: 'Sun, 04 Jun 2017 11:10:37 GMT',
73 silly get     via: '1.1 varnish',
73 silly get     age: '0',
73 silly get     connection: 'keep-alive',
73 silly get     'x-served-by': 'cache-nrt6127-NRT',
73 silly get     'x-cache': 'MISS',
73 silly get     'x-cache-hits': '0',
73 silly get     'x-timer': 'S1496574637.975937,VS0,VE139',
73 silly get     vary: 'Accept-Encoding' } ]
74 verbose get saving pdf-view to /Users/AkiraMisawa/.npm/registry.npmjs.org/pdf-view/.cache.json
75 verbose correctMkdir /Users/AkiraMisawa/.npm correctMkdir not in flight; initializing
76 silly addNameTag next cb for pdf-view with tag latest
77 silly addNamed pdf-view@1.0.1
78 verbose addNamed "1.0.1" is a plain semver version for pdf-view
79 silly mapToRegistry name pdf-view
80 silly mapToRegistry using default registry
81 silly mapToRegistry registry https://registry.npmjs.org/
82 silly mapToRegistry data Result {
82 silly mapToRegistry   raw: 'pdf-view',
82 silly mapToRegistry   scope: null,
82 silly mapToRegistry   name: 'pdf-view',
82 silly mapToRegistry   rawSpec: '',
82 silly mapToRegistry   spec: 'latest',
82 silly mapToRegistry   type: 'tag' }
83 silly mapToRegistry uri https://registry.npmjs.org/pdf-view
84 verbose addRemoteTarball https://registry.npmjs.org/pdf-view/-/pdf-view-1.0.1.tgz not in flight; adding
85 verbose addRemoteTarball [ 'https://registry.npmjs.org/pdf-view/-/pdf-view-1.0.1.tgz',
85 verbose addRemoteTarball   'e2cde845fd1b101c44cb8e8563d7db205988c703' ]
86 info retry fetch attempt 1 at 20:10:37
87 info attempt registry request try #1 at 20:10:37
88 http fetch GET https://registry.npmjs.org/pdf-view/-/pdf-view-1.0.1.tgz
89 http 200 https://registry.npmjs.org/latex
90 verbose headers { server: 'nginx/1.10.3',
90 verbose headers   'content-type': 'application/json',
90 verbose headers   'last-modified': 'Mon, 28 Jan 2013 16:09:14 GMT',
90 verbose headers   etag: 'W/"5106a2aa-22b2"',
90 verbose headers   'content-encoding': 'gzip',
90 verbose headers   'cache-control': 'max-age=300',
90 verbose headers   'content-length': '1801',
90 verbose headers   'accept-ranges': 'bytes',
90 verbose headers   date: 'Sun, 04 Jun 2017 11:10:37 GMT',
90 verbose headers   via: '1.1 varnish',
90 verbose headers   age: '0',
90 verbose headers   connection: 'keep-alive',
90 verbose headers   'x-served-by': 'cache-nrt6135-NRT',
90 verbose headers   'x-cache': 'MISS',
90 verbose headers   'x-cache-hits': '0',
90 verbose headers   'x-timer': 'S1496574637.969414,VS0,VE480',
90 verbose headers   vary: 'Accept-Encoding' }
91 silly get cb [ 200,
91 silly get   { server: 'nginx/1.10.3',
91 silly get     'content-type': 'application/json',
91 silly get     'last-modified': 'Mon, 28 Jan 2013 16:09:14 GMT',
91 silly get     etag: 'W/"5106a2aa-22b2"',
91 silly get     'content-encoding': 'gzip',
91 silly get     'cache-control': 'max-age=300',
91 silly get     'content-length': '1801',
91 silly get     'accept-ranges': 'bytes',
91 silly get     date: 'Sun, 04 Jun 2017 11:10:37 GMT',
91 silly get     via: '1.1 varnish',
91 silly get     age: '0',
91 silly get     connection: 'keep-alive',
91 silly get     'x-served-by': 'cache-nrt6135-NRT',
91 silly get     'x-cache': 'MISS',
91 silly get     'x-cache-hits': '0',
91 silly get     'x-timer': 'S1496574637.969414,VS0,VE480',
91 silly get     vary: 'Accept-Encoding' } ]
92 verbose get saving latex to /Users/AkiraMisawa/.npm/registry.npmjs.org/latex/.cache.json
93 verbose correctMkdir /Users/AkiraMisawa/.npm correctMkdir not in flight; initializing
94 silly addNameTag next cb for latex with tag latest
95 silly addNamed latex@0.0.1
96 verbose addNamed "0.0.1" is a plain semver version for latex
97 silly mapToRegistry name latex
98 silly mapToRegistry using default registry
99 silly mapToRegistry registry https://registry.npmjs.org/
100 silly mapToRegistry data Result {
100 silly mapToRegistry   raw: 'latex',
100 silly mapToRegistry   scope: null,
100 silly mapToRegistry   name: 'latex',
100 silly mapToRegistry   rawSpec: '',
100 silly mapToRegistry   spec: 'latest',
100 silly mapToRegistry   type: 'tag' }
101 silly mapToRegistry uri https://registry.npmjs.org/latex
102 verbose addRemoteTarball https://registry.npmjs.org/latex/-/latex-0.0.1.tgz not in flight; adding
103 verbose addRemoteTarball [ 'https://registry.npmjs.org/latex/-/latex-0.0.1.tgz',
103 verbose addRemoteTarball   '0d9bd16c90f632dff4b401a5334819f30bc13ea7' ]
104 info retry fetch attempt 1 at 20:10:37
105 info attempt registry request try #1 at 20:10:37
106 http fetch GET https://registry.npmjs.org/latex/-/latex-0.0.1.tgz
107 http 200 https://registry.npmjs.org/script
108 verbose headers { server: 'nginx/1.10.3',
108 verbose headers   'content-type': 'application/json',
108 verbose headers   'last-modified': 'Thu, 07 May 2015 23:41:07 GMT',
108 verbose headers   etag: 'W/"554bf813-5612"',
108 verbose headers   'content-encoding': 'gzip',
108 verbose headers   'cache-control': 'max-age=300',
108 verbose headers   'content-length': '4084',
108 verbose headers   'accept-ranges': 'bytes',
108 verbose headers   date: 'Sun, 04 Jun 2017 11:10:37 GMT',
108 verbose headers   via: '1.1 varnish',
108 verbose headers   age: '0',
108 verbose headers   connection: 'keep-alive',
108 verbose headers   'x-served-by': 'cache-nrt6122-NRT',
108 verbose headers   'x-cache': 'MISS',
108 verbose headers   'x-cache-hits': '0',
108 verbose headers   'x-timer': 'S1496574637.974621,VS0,VE479',
108 verbose headers   vary: 'Accept-Encoding' }
109 silly get cb [ 200,
109 silly get   { server: 'nginx/1.10.3',
109 silly get     'content-type': 'application/json',
109 silly get     'last-modified': 'Thu, 07 May 2015 23:41:07 GMT',
109 silly get     etag: 'W/"554bf813-5612"',
109 silly get     'content-encoding': 'gzip',
109 silly get     'cache-control': 'max-age=300',
109 silly get     'content-length': '4084',
109 silly get     'accept-ranges': 'bytes',
109 silly get     date: 'Sun, 04 Jun 2017 11:10:37 GMT',
109 silly get     via: '1.1 varnish',
109 silly get     age: '0',
109 silly get     connection: 'keep-alive',
109 silly get     'x-served-by': 'cache-nrt6122-NRT',
109 silly get     'x-cache': 'MISS',
109 silly get     'x-cache-hits': '0',
109 silly get     'x-timer': 'S1496574637.974621,VS0,VE479',
109 silly get     vary: 'Accept-Encoding' } ]
110 verbose get saving script to /Users/AkiraMisawa/.npm/registry.npmjs.org/script/.cache.json
111 verbose correctMkdir /Users/AkiraMisawa/.npm correctMkdir not in flight; initializing
112 silly addNameTag next cb for script with tag latest
113 silly addNamed script@0.1.4
114 verbose addNamed "0.1.4" is a plain semver version for script
115 silly mapToRegistry name script
116 silly mapToRegistry using default registry
117 silly mapToRegistry registry https://registry.npmjs.org/
118 silly mapToRegistry data Result {
118 silly mapToRegistry   raw: 'script',
118 silly mapToRegistry   scope: null,
118 silly mapToRegistry   name: 'script',
118 silly mapToRegistry   rawSpec: '',
118 silly mapToRegistry   spec: 'latest',
118 silly mapToRegistry   type: 'tag' }
119 silly mapToRegistry uri https://registry.npmjs.org/script
120 verbose addRemoteTarball https://registry.npmjs.org/script/-/script-0.1.4.tgz not in flight; adding
121 verbose addRemoteTarball [ 'https://registry.npmjs.org/script/-/script-0.1.4.tgz',
121 verbose addRemoteTarball   '4f5d9dff0c60b05387efa70f8ca8bfe53b810fba' ]
122 info retry fetch attempt 1 at 20:10:37
123 info attempt registry request try #1 at 20:10:37
124 http fetch GET https://registry.npmjs.org/script/-/script-0.1.4.tgz
125 http fetch 200 https://registry.npmjs.org/pdf-view/-/pdf-view-1.0.1.tgz
126 http fetch 200 https://registry.npmjs.org/latex/-/latex-0.0.1.tgz
127 silly fetchAndShaCheck shasum 0d9bd16c90f632dff4b401a5334819f30bc13ea7
128 verbose addTmpTarball /var/folders/jh/j6ry8mws6cbcjtrv6xd1y30w0000gn/T/npm-40735-f71d25de/registry.npmjs.org/latex/-/latex-0.0.1.tgz not in flight; adding
129 verbose addTmpTarball already have metadata; skipping unpack for latex@0.0.1
130 verbose correctMkdir /Users/AkiraMisawa/.npm correctMkdir not in flight; initializing
131 silly cache afterAdd latex@0.0.1
132 verbose afterAdd /Users/AkiraMisawa/.npm/latex/0.0.1/package/package.json not in flight; writing
133 verbose correctMkdir /Users/AkiraMisawa/.npm correctMkdir not in flight; initializing
134 verbose afterAdd /Users/AkiraMisawa/.npm/latex/0.0.1/package/package.json written
135 http fetch 200 https://registry.npmjs.org/script/-/script-0.1.4.tgz
136 http 404 https://registry.npmjs.org/language-latex
137 verbose headers { 'content-type': 'application/json',
137 verbose headers   'cache-control': 'max-age=0',
137 verbose headers   'content-length': '2',
137 verbose headers   'accept-ranges': 'bytes',
137 verbose headers   date: 'Sun, 04 Jun 2017 11:10:38 GMT',
137 verbose headers   via: '1.1 varnish',
137 verbose headers   age: '0',
137 verbose headers   connection: 'keep-alive',
137 verbose headers   'x-served-by': 'cache-nrt6128-NRT',
137 verbose headers   'x-cache': 'MISS',
137 verbose headers   'x-cache-hits': '0',
137 verbose headers   'x-timer': 'S1496574637.967017,VS0,VE1257',
137 verbose headers   vary: 'Accept-Encoding' }
138 silly get cb [ 404,
138 silly get   { 'content-type': 'application/json',
138 silly get     'cache-control': 'max-age=0',
138 silly get     'content-length': '2',
138 silly get     'accept-ranges': 'bytes',
138 silly get     date: 'Sun, 04 Jun 2017 11:10:38 GMT',
138 silly get     via: '1.1 varnish',
138 silly get     age: '0',
138 silly get     connection: 'keep-alive',
138 silly get     'x-served-by': 'cache-nrt6128-NRT',
138 silly get     'x-cache': 'MISS',
138 silly get     'x-cache-hits': '0',
138 silly get     'x-timer': 'S1496574637.967017,VS0,VE1257',
138 silly get     vary: 'Accept-Encoding' } ]
139 silly fetchAndShaCheck shasum 4f5d9dff0c60b05387efa70f8ca8bfe53b810fba
140 verbose addTmpTarball /var/folders/jh/j6ry8mws6cbcjtrv6xd1y30w0000gn/T/npm-40735-f71d25de/registry.npmjs.org/script/-/script-0.1.4.tgz not in flight; adding
141 verbose addTmpTarball already have metadata; skipping unpack for script@0.1.4
142 verbose correctMkdir /Users/AkiraMisawa/.npm correctMkdir not in flight; initializing
143 silly cache afterAdd script@0.1.4
144 verbose afterAdd /Users/AkiraMisawa/.npm/script/0.1.4/package/package.json not in flight; writing
145 verbose correctMkdir /Users/AkiraMisawa/.npm correctMkdir not in flight; initializing
146 verbose afterAdd /Users/AkiraMisawa/.npm/script/0.1.4/package/package.json written
147 silly fetchAndShaCheck shasum e2cde845fd1b101c44cb8e8563d7db205988c703
148 verbose addTmpTarball /var/folders/jh/j6ry8mws6cbcjtrv6xd1y30w0000gn/T/npm-40735-f71d25de/registry.npmjs.org/pdf-view/-/pdf-view-1.0.1.tgz not in flight; adding
149 verbose addTmpTarball already have metadata; skipping unpack for pdf-view@1.0.1
150 verbose correctMkdir /Users/AkiraMisawa/.npm correctMkdir not in flight; initializing
151 silly cache afterAdd pdf-view@1.0.1
152 verbose afterAdd /Users/AkiraMisawa/.npm/pdf-view/1.0.1/package/package.json not in flight; writing
153 verbose correctMkdir /Users/AkiraMisawa/.npm correctMkdir not in flight; initializing
154 verbose afterAdd /Users/AkiraMisawa/.npm/pdf-view/1.0.1/package/package.json written
155 verbose stack Error: Registry returned 404 for GET on https://registry.npmjs.org/language-latex
155 verbose stack     at makeError (/usr/local/lib/node_modules/npm/node_modules/npm-registry-client/lib/request.js:264:12)
155 verbose stack     at CachingRegistryClient.<anonymous> (/usr/local/lib/node_modules/npm/node_modules/npm-registry-client/lib/request.js:242:14)
155 verbose stack     at Request._callback (/usr/local/lib/node_modules/npm/node_modules/npm-registry-client/lib/request.js:172:14)
155 verbose stack     at Request.self.callback (/usr/local/lib/node_modules/npm/node_modules/request/request.js:200:22)
155 verbose stack     at emitTwo (events.js:87:13)
155 verbose stack     at Request.emit (events.js:172:7)
155 verbose stack     at Request.<anonymous> (/usr/local/lib/node_modules/npm/node_modules/request/request.js:1067:10)
155 verbose stack     at emitOne (events.js:82:20)
155 verbose stack     at Request.emit (events.js:169:7)
155 verbose stack     at IncomingMessage.<anonymous> (/usr/local/lib/node_modules/npm/node_modules/request/request.js:988:12)
156 verbose statusCode 404
157 verbose pkgid language-latex
158 verbose cwd /Users/AkiraMisawa/sandbox/sicp_in_python/chap1
159 error Darwin 16.4.0
160 error argv "/usr/local/bin/node" "/usr/local/bin/npm" "install" "latex" "language-latex" "script" "pdf-view"
161 error node v4.6.0
162 error npm  v2.15.9
163 error code E404
164 error 404 Registry returned 404 for GET on https://registry.npmjs.org/language-latex
164 error 404
164 error 404 'language-latex' is not in the npm registry.
164 error 404 You should bug the author to publish it (or use the name yourself!)
164 error 404
164 error 404 Note that you can also install from a
164 error 404 tarball, folder, http url, or git url.
165 verbose exit [ 1, true ]
